<?xml version="1.0" encoding="UTF-8"?>
<!-- Generated by org.testng.reporters.JUnitReportReporter -->
<testsuite hostname="BLR2-5CG1327HQ2" failures="0" tests="7" name="TestCase.Register_Test" time="25.141" errors="0" timestamp="2023-06-03T15:32:44 IST" skipped="0">
  <testcase classname="TestCase.Register_Test" name="RegisterWithAllDetailsProperly" time="3.181"/>
  <system-out/>
  <testcase classname="TestCase.Register_Test" name="RegisterWithExistEmail" time="3.478"/>
  <system-out/>
  <testcase classname="TestCase.Register_Test" name="RegisterWithAllDetailsProperly" time="3.241"/>
  <system-out/>
  <testcase classname="TestCase.Register_Test" name="RegisterWithAllDetailsProperly" time="3.888"/>
  <system-out/>
  <testcase classname="TestCase.Register_Test" name="RegisterWithAllDetailsProperly" time="4.726"/>
  <system-out/>
  <testcase classname="TestCase.Register_Test" name="RegisterWithAllDetailsProperly" time="3.565"/>
  <system-out/>
  <testcase classname="TestCase.Register_Test" name="RegisterWithoutClickingPrivacy" time="3.062"/>
  <system-out/>
</testsuite> <!-- TestCase.Register_Test -->
