<?xml version="1.0" encoding="UTF-8"?>
<!-- Generated by org.testng.reporters.JUnitReportReporter -->
<testsuite hostname="VIGNESH" failures="0" tests="7" name="TestCase.Register_Test" time="40.534" errors="0" timestamp="2023-06-06T00:32:57 IST" skipped="0">
  <testcase classname="TestCase.Register_Test" name="RegisterWithoutClickingPrivacy" time="7.165"/>
  <system-out/>
  <testcase classname="TestCase.Register_Test" name="RegisterWithExistEmail" time="5.380"/>
  <system-out/>
  <testcase classname="TestCase.Register_Test" name="RegisterWithAllDetailsProperly" time="5.247"/>
  <system-out/>
  <testcase classname="TestCase.Register_Test" name="RegisterWithAllDetailsProperly" time="5.269"/>
  <system-out/>
  <testcase classname="TestCase.Register_Test" name="RegisterWithAllDetailsProperly" time="6.565"/>
  <system-out/>
  <testcase classname="TestCase.Register_Test" name="RegisterWithAllDetailsProperly" time="5.370"/>
  <system-out/>
  <testcase classname="TestCase.Register_Test" name="RegisterWithAllDetailsProperly" time="5.538"/>
  <system-out/>
</testsuite> <!-- TestCase.Register_Test -->
