<?xml version="1.0" encoding="UTF-8"?>
<!-- Generated by org.testng.reporters.JUnitReportReporter -->
<testsuite hostname="BLR2-5CG1327HQ2" failures="0" tests="1" name="TestCase.Checking" time="0.636" errors="0" timestamp="2023-05-31T19:52:38 IST" skipped="0">
  <testcase classname="TestCase.Checking" name="hi" time="0.636"/>
  <system-out/>
</testsuite> <!-- TestCase.Checking -->
